# JRE version: OpenJDK Runtime Environment Temurin-21.0.7+6 (21.0.7+6) (build 21.0.7+6-LTS)
# Java VM: OpenJDK 64-Bit Server VM Temurin-21.0.7+6 (21.0.7+6-LTS, mixed mode, sharing, tiered, compressed oops, compressed class ptrs, parallel gc, windows-amd64)
GC Precious Log:
 CardTable entry size: 512
 CPUs: 6 total, 6 available
 Memory: 15833M
 Large Page Support: Disabled
 NUMA Support: Disabled
 Compressed Oops: Enabled (32-bit)
 Alignments: Space 512K, Generation 512K, Heap 2M
 Heap Min Capacity: 100M
 Heap Initial Capacity: 100M
 Heap Max Capacity: 1G
 Pre-touch: Disabled
 Parallel Workers: 6
Heap:
 PSYoungGen      total 22016K, used 14786K [0x00000000eab00000, 0x00000000ec300000, 0x0000000100000000)
  eden space 20480K, 65% used [0x00000000eab00000,0x00000000eb830818,0x00000000ebf00000)
  from space 1536K, 83% used [0x00000000ec180000,0x00000000ec2c0080,0x00000000ec300000)
  to   space 1536K, 0% used [0x00000000ec000000,0x00000000ec000000,0x00000000ec180000)
 ParOldGen       total 77824K, used 77347K [0x00000000c0000000, 0x00000000c4c00000, 0x00000000eab00000)
  object space 77824K, 99% used [0x00000000c0000000,0x00000000c4b88f28,0x00000000c4c00000)
 Metaspace       used 56400K, committed 57920K, reserved 1114112K
  class space    used 5839K, committed 6528K, reserved 1048576K
GC Heap History (20 events):
Event: 8.685 GC heap before
{Heap before GC invocations=35 (full 2):
 PSYoungGen      total 22016K, used 21920K [0x00000000eab00000, 0x00000000ec500000, 0x0000000100000000)
  eden space 20480K, 100% used [0x00000000eab00000,0x00000000ebf00000,0x00000000ebf00000)
  from space 1536K, 93% used [0x00000000ec380000,0x00000000ec4e8040,0x00000000ec500000)
  to   space 2048K, 0% used [0x00000000ec100000,0x00000000ec100000,0x00000000ec300000)
 ParOldGen       total 68608K, used 65099K [0x00000000c0000000, 0x00000000c4300000, 0x00000000eab00000)
  object space 68608K, 94% used [0x00000000c0000000,0x00000000c3f92ea0,0x00000000c4300000)
 Metaspace       used 54704K, committed 56064K, reserved 1114112K
  class space    used 5717K, committed 6336K, reserved 1048576K
}
Event: 8.689 GC heap after
{Heap after GC invocations=35 (full 2):
 PSYoungGen      total 22016K, used 1529K [0x00000000eab00000, 0x00000000ec400000, 0x0000000100000000)
  eden space 20480K, 0% used [0x00000000eab00000,0x00000000eab00000,0x00000000ebf00000)
  from space 1536K, 99% used [0x00000000ec100000,0x00000000ec27e6d0,0x00000000ec280000)
  to   space 1536K, 0% used [0x00000000ec280000,0x00000000ec280000,0x00000000ec400000)
 ParOldGen       total 68608K, used 66471K [0x00000000c0000000, 0x00000000c4300000, 0x00000000eab00000)
  object space 68608K, 96% used [0x00000000c0000000,0x00000000c40e9fa8,0x00000000c4300000)
 Metaspace       used 54704K, committed 56064K, reserved 1114112K
  class space    used 5717K, committed 6336K, reserved 1048576K
}
Event: 8.821 GC heap before
{Heap before GC invocations=36 (full 2):
 PSYoungGen      total 22016K, used 22009K [0x00000000eab00000, 0x00000000ec400000, 0x0000000100000000)
  eden space 20480K, 100% used [0x00000000eab00000,0x00000000ebf00000,0x00000000ebf00000)
  from space 1536K, 99% used [0x00000000ec100000,0x00000000ec27e6d0,0x00000000ec280000)
  to   space 1536K, 0% used [0x00000000ec280000,0x00000000ec280000,0x00000000ec400000)
 ParOldGen       total 68608K, used 66471K [0x00000000c0000000, 0x00000000c4300000, 0x00000000eab00000)
  object space 68608K, 96% used [0x00000000c0000000,0x00000000c40e9fa8,0x00000000c4300000)
 Metaspace       used 54764K, committed 56192K, reserved 1114112K
  class space    used 5717K, committed 6336K, reserved 1048576K
}
Event: 8.825 GC heap after
{Heap after GC invocations=36 (full 2):
 PSYoungGen      total 22016K, used 1529K [0x00000000eab00000, 0x00000000ec600000, 0x0000000100000000)
  eden space 20480K, 0% used [0x00000000eab00000,0x00000000eab00000,0x00000000ebf00000)
  from space 1536K, 99% used [0x00000000ec280000,0x00000000ec3fe480,0x00000000ec400000)
  to   space 3584K, 0% used [0x00000000ebf00000,0x00000000ebf00000,0x00000000ec280000)
 ParOldGen       total 68608K, used 68192K [0x00000000c0000000, 0x00000000c4300000, 0x00000000eab00000)
  object space 68608K, 99% used [0x00000000c0000000,0x00000000c4298150,0x00000000c4300000)
 Metaspace       used 54764K, committed 56192K, reserved 1114112K
  class space    used 5717K, committed 6336K, reserved 1048576K
}
Event: 8.945 GC heap before
{Heap before GC invocations=37 (full 2):
 PSYoungGen      total 22016K, used 22009K [0x00000000eab00000, 0x00000000ec600000, 0x0000000100000000)
  eden space 20480K, 100% used [0x00000000eab00000,0x00000000ebf00000,0x00000000ebf00000)
  from space 1536K, 99% used [0x00000000ec280000,0x00000000ec3fe480,0x00000000ec400000)
  to   space 3584K, 0% used [0x00000000ebf00000,0x00000000ebf00000,0x00000000ec280000)
 ParOldGen       total 68608K, used 68192K [0x00000000c0000000, 0x00000000c4300000, 0x00000000eab00000)
  object space 68608K, 99% used [0x00000000c0000000,0x00000000c4298150,0x00000000c4300000)
 Metaspace       used 54819K, committed 56256K, reserved 1114112K
  class space    used 5717K, committed 6336K, reserved 1048576K
}
Event: 8.948 GC heap after
{Heap after GC invocations=37 (full 2):
 PSYoungGen      total 22528K, used 1648K [0x00000000eab00000, 0x00000000ec400000, 0x0000000100000000)
  eden space 20480K, 0% used [0x00000000eab00000,0x00000000eab00000,0x00000000ebf00000)
  from space 2048K, 80% used [0x00000000ebf00000,0x00000000ec09c050,0x00000000ec100000)
  to   space 2560K, 0% used [0x00000000ec180000,0x00000000ec180000,0x00000000ec400000)
 ParOldGen       total 70144K, used 69727K [0x00000000c0000000, 0x00000000c4480000, 0x00000000eab00000)
  object space 70144K, 99% used [0x00000000c0000000,0x00000000c4417e30,0x00000000c4480000)
 Metaspace       used 54819K, committed 56256K, reserved 1114112K
  class space    used 5717K, committed 6336K, reserved 1048576K
}
Event: 9.028 GC heap before
{Heap before GC invocations=38 (full 2):
 PSYoungGen      total 22528K, used 22128K [0x00000000eab00000, 0x00000000ec400000, 0x0000000100000000)
  eden space 20480K, 100% used [0x00000000eab00000,0x00000000ebf00000,0x00000000ebf00000)
  from space 2048K, 80% used [0x00000000ebf00000,0x00000000ec09c050,0x00000000ec100000)
  to   space 2560K, 0% used [0x00000000ec180000,0x00000000ec180000,0x00000000ec400000)
 ParOldGen       total 70144K, used 69727K [0x00000000c0000000, 0x00000000c4480000, 0x00000000eab00000)
  object space 70144K, 99% used [0x00000000c0000000,0x00000000c4417e30,0x00000000c4480000)
 Metaspace       used 54866K, committed 56256K, reserved 1114112K
  class space    used 5719K, committed 6336K, reserved 1048576K
}
Event: 9.032 GC heap after
{Heap after GC invocations=38 (full 2):
 PSYoungGen      total 22016K, used 1440K [0x00000000eab00000, 0x00000000ec300000, 0x0000000100000000)
  eden space 20480K, 0% used [0x00000000eab00000,0x00000000eab00000,0x00000000ebf00000)
  from space 1536K, 93% used [0x00000000ec180000,0x00000000ec2e8040,0x00000000ec300000)
  to   space 2048K, 0% used [0x00000000ebf00000,0x00000000ebf00000,0x00000000ec100000)
 ParOldGen       total 71680K, used 71348K [0x00000000c0000000, 0x00000000c4600000, 0x00000000eab00000)
  object space 71680K, 99% used [0x00000000c0000000,0x00000000c45ad398,0x00000000c4600000)
 Metaspace       used 54866K, committed 56256K, reserved 1114112K
  class space    used 5719K, committed 6336K, reserved 1048576K
}
Event: 9.143 GC heap before
{Heap before GC invocations=39 (full 2):
 PSYoungGen      total 22016K, used 21920K [0x00000000eab00000, 0x00000000ec300000, 0x0000000100000000)
  eden space 20480K, 100% used [0x00000000eab00000,0x00000000ebf00000,0x00000000ebf00000)
  from space 1536K, 93% used [0x00000000ec180000,0x00000000ec2e8040,0x00000000ec300000)
  to   space 2048K, 0% used [0x00000000ebf00000,0x00000000ebf00000,0x00000000ec100000)
 ParOldGen       total 71680K, used 71348K [0x00000000c0000000, 0x00000000c4600000, 0x00000000eab00000)
  object space 71680K, 99% used [0x00000000c0000000,0x00000000c45ad398,0x00000000c4600000)
 Metaspace       used 55206K, committed 56640K, reserved 1114112K
  class space    used 5741K, committed 6400K, reserved 1048576K
}
Event: 9.147 GC heap after
{Heap after GC invocations=39 (full 2):
 PSYoungGen      total 22528K, used 2039K [0x00000000eab00000, 0x00000000ec700000, 0x0000000100000000)
  eden space 20480K, 0% used [0x00000000eab00000,0x00000000eab00000,0x00000000ebf00000)
  from space 2048K, 99% used [0x00000000ebf00000,0x00000000ec0fdc00,0x00000000ec100000)
  to   space 4096K, 0% used [0x00000000ec300000,0x00000000ec300000,0x00000000ec700000)
 ParOldGen       total 73216K, used 72873K [0x00000000c0000000, 0x00000000c4780000, 0x00000000eab00000)
  object space 73216K, 99% used [0x00000000c0000000,0x00000000c472a4f0,0x00000000c4780000)
 Metaspace       used 55206K, committed 56640K, reserved 1114112K
  class space    used 5741K, committed 6400K, reserved 1048576K
}
Event: 9.217 GC heap before
{Heap before GC invocations=40 (full 2):
 PSYoungGen      total 22528K, used 22519K [0x00000000eab00000, 0x00000000ec700000, 0x0000000100000000)
  eden space 20480K, 100% used [0x00000000eab00000,0x00000000ebf00000,0x00000000ebf00000)
  from space 2048K, 99% used [0x00000000ebf00000,0x00000000ec0fdc00,0x00000000ec100000)
  to   space 4096K, 0% used [0x00000000ec300000,0x00000000ec300000,0x00000000ec700000)
 ParOldGen       total 73216K, used 72873K [0x00000000c0000000, 0x00000000c4780000, 0x00000000eab00000)
  object space 73216K, 99% used [0x00000000c0000000,0x00000000c472a4f0,0x00000000c4780000)
 Metaspace       used 55223K, committed 56640K, reserved 1114112K
  class space    used 5741K, committed 6400K, reserved 1048576K
}
Event: 9.219 GC heap after
{Heap after GC invocations=40 (full 2):
 PSYoungGen      total 21504K, used 918K [0x00000000eab00000, 0x00000000ec400000, 0x0000000100000000)
  eden space 20480K, 0% used [0x00000000eab00000,0x00000000eab00000,0x00000000ebf00000)
  from space 1024K, 89% used [0x00000000ec300000,0x00000000ec3e5828,0x00000000ec400000)
  to   space 2048K, 0% used [0x00000000ec000000,0x00000000ec000000,0x00000000ec200000)
 ParOldGen       total 74752K, used 74340K [0x00000000c0000000, 0x00000000c4900000, 0x00000000eab00000)
  object space 74752K, 99% used [0x00000000c0000000,0x00000000c4899358,0x00000000c4900000)
 Metaspace       used 55223K, committed 56640K, reserved 1114112K
  class space    used 5741K, committed 6400K, reserved 1048576K
}
Event: 9.348 GC heap before
{Heap before GC invocations=41 (full 2):
 PSYoungGen      total 21504K, used 21398K [0x00000000eab00000, 0x00000000ec400000, 0x0000000100000000)
  eden space 20480K, 100% used [0x00000000eab00000,0x00000000ebf00000,0x00000000ebf00000)
  from space 1024K, 89% used [0x00000000ec300000,0x00000000ec3e5828,0x00000000ec400000)
  to   space 2048K, 0% used [0x00000000ec000000,0x00000000ec000000,0x00000000ec200000)
 ParOldGen       total 74752K, used 74340K [0x00000000c0000000, 0x00000000c4900000, 0x00000000eab00000)
  object space 74752K, 99% used [0x00000000c0000000,0x00000000c4899358,0x00000000c4900000)
 Metaspace       used 56239K, committed 57664K, reserved 1114112K
  class space    used 5825K, committed 6464K, reserved 1048576K
}
Event: 9.351 GC heap after
{Heap after GC invocations=41 (full 2):
 PSYoungGen      total 22528K, used 656K [0x00000000eab00000, 0x00000000ec380000, 0x0000000100000000)
  eden space 20480K, 0% used [0x00000000eab00000,0x00000000eab00000,0x00000000ebf00000)
  from space 2048K, 32% used [0x00000000ec000000,0x00000000ec0a4010,0x00000000ec200000)
  to   space 1024K, 0% used [0x00000000ec280000,0x00000000ec280000,0x00000000ec380000)
 ParOldGen       total 74752K, used 74348K [0x00000000c0000000, 0x00000000c4900000, 0x00000000eab00000)
  object space 74752K, 99% used [0x00000000c0000000,0x00000000c489b358,0x00000000c4900000)
 Metaspace       used 56239K, committed 57664K, reserved 1114112K
  class space    used 5825K, committed 6464K, reserved 1048576K
}
Event: 9.447 GC heap before
{Heap before GC invocations=42 (full 2):
 PSYoungGen      total 22528K, used 21136K [0x00000000eab00000, 0x00000000ec380000, 0x0000000100000000)
  eden space 20480K, 100% used [0x00000000eab00000,0x00000000ebf00000,0x00000000ebf00000)
  from space 2048K, 32% used [0x00000000ec000000,0x00000000ec0a4010,0x00000000ec200000)
  to   space 1024K, 0% used [0x00000000ec280000,0x00000000ec280000,0x00000000ec380000)
 ParOldGen       total 74752K, used 74348K [0x00000000c0000000, 0x00000000c4900000, 0x00000000eab00000)
  object space 74752K, 99% used [0x00000000c0000000,0x00000000c489b358,0x00000000c4900000)
 Metaspace       used 56275K, committed 57664K, reserved 1114112K
  class space    used 5825K, committed 6464K, reserved 1048576K
}
Event: 9.451 GC heap after
{Heap after GC invocations=42 (full 2):
 PSYoungGen      total 21504K, used 1008K [0x00000000eab00000, 0x00000000ec380000, 0x0000000100000000)
  eden space 20480K, 0% used [0x00000000eab00000,0x00000000eab00000,0x00000000ebf00000)
  from space 1024K, 98% used [0x00000000ec280000,0x00000000ec37c030,0x00000000ec380000)
  to   space 2048K, 0% used [0x00000000ebf80000,0x00000000ebf80000,0x00000000ec180000)
 ParOldGen       total 75264K, used 75124K [0x00000000c0000000, 0x00000000c4980000, 0x00000000eab00000)
  object space 75264K, 99% used [0x00000000c0000000,0x00000000c495d3e8,0x00000000c4980000)
 Metaspace       used 56275K, committed 57664K, reserved 1114112K
  class space    used 5825K, committed 6464K, reserved 1048576K
}
Event: 9.521 GC heap before
{Heap before GC invocations=43 (full 2):
 PSYoungGen      total 21504K, used 21488K [0x00000000eab00000, 0x00000000ec380000, 0x0000000100000000)
  eden space 20480K, 100% used [0x00000000eab00000,0x00000000ebf00000,0x00000000ebf00000)
  from space 1024K, 98% used [0x00000000ec280000,0x00000000ec37c030,0x00000000ec380000)
  to   space 2048K, 0% used [0x00000000ebf80000,0x00000000ebf80000,0x00000000ec180000)
 ParOldGen       total 75264K, used 75124K [0x00000000c0000000, 0x00000000c4980000, 0x00000000eab00000)
  object space 75264K, 99% used [0x00000000c0000000,0x00000000c495d3e8,0x00000000c4980000)
 Metaspace       used 56310K, committed 57664K, reserved 1114112K
  class space    used 5828K, committed 6464K, reserved 1048576K
}
Event: 9.525 GC heap after
{Heap after GC invocations=43 (full 2):
 PSYoungGen      total 22528K, used 1280K [0x00000000eab00000, 0x00000000ec300000, 0x0000000100000000)
  eden space 20480K, 0% used [0x00000000eab00000,0x00000000eab00000,0x00000000ebf00000)
  from space 2048K, 62% used [0x00000000ebf80000,0x00000000ec0c0080,0x00000000ec180000)
  to   space 1536K, 0% used [0x00000000ec180000,0x00000000ec180000,0x00000000ec300000)
 ParOldGen       total 76288K, used 76125K [0x00000000c0000000, 0x00000000c4a80000, 0x00000000eab00000)
  object space 76288K, 99% used [0x00000000c0000000,0x00000000c4a57458,0x00000000c4a80000)
 Metaspace       used 56310K, committed 57664K, reserved 1114112K
  class space    used 5828K, committed 6464K, reserved 1048576K
}
Event: 9.604 GC heap before
{Heap before GC invocations=44 (full 2):
 PSYoungGen      total 22528K, used 21760K [0x00000000eab00000, 0x00000000ec300000, 0x0000000100000000)
  eden space 20480K, 100% used [0x00000000eab00000,0x00000000ebf00000,0x00000000ebf00000)
  from space 2048K, 62% used [0x00000000ebf80000,0x00000000ec0c0080,0x00000000ec180000)
  to   space 1536K, 0% used [0x00000000ec180000,0x00000000ec180000,0x00000000ec300000)
 ParOldGen       total 76288K, used 76125K [0x00000000c0000000, 0x00000000c4a80000, 0x00000000eab00000)
  object space 76288K, 99% used [0x00000000c0000000,0x00000000c4a57458,0x00000000c4a80000)
 Metaspace       used 56381K, committed 57856K, reserved 1114112K
  class space    used 5837K, committed 6528K, reserved 1048576K
}
Event: 9.606 GC heap after
{Heap after GC invocations=44 (full 2):
 PSYoungGen      total 22016K, used 1280K [0x00000000eab00000, 0x00000000ec300000, 0x0000000100000000)
  eden space 20480K, 0% used [0x00000000eab00000,0x00000000eab00000,0x00000000ebf00000)
  from space 1536K, 83% used [0x00000000ec180000,0x00000000ec2c0080,0x00000000ec300000)
  to   space 1536K, 0% used [0x00000000ec000000,0x00000000ec000000,0x00000000ec180000)
 ParOldGen       total 77824K, used 77347K [0x00000000c0000000, 0x00000000c4c00000, 0x00000000eab00000)
  object space 77824K, 99% used [0x00000000c0000000,0x00000000c4b88f28,0x00000000c4c00000)
 Metaspace       used 56381K, committed 57856K, reserved 1114112K
  class space    used 5837K, committed 6528K, reserved 1048576K
}

