# JRE version: OpenJDK Runtime Environment Temurin-21.0.7+6 (21.0.7+6) (build 21.0.7+6-LTS)
# Java VM: OpenJDK 64-Bit Server VM Temurin-21.0.7+6 (21.0.7+6-LTS, mixed mode, sharing, tiered, compressed oops, compressed class ptrs, parallel gc, windows-amd64)
GC Precious Log:
 CardTable entry size: 512
 CPUs: 6 total, 6 available
 Memory: 15833M
 Large Page Support: Disabled
 NUMA Support: Disabled
 Compressed Oops: Enabled (32-bit)
 Alignments: Space 512K, Generation 512K, Heap 2M
 Heap Min Capacity: 100M
 Heap Initial Capacity: 100M
 Heap Max Capacity: 1G
 Pre-touch: Disabled
 Parallel Workers: 6
Heap:
 PSYoungGen      total 18944K, used 3380K [0x00000000eab00000, 0x00000000ec480000, 0x0000000100000000)
  eden space 18432K, 17% used [0x00000000eab00000,0x00000000eae1d1d8,0x00000000ebd00000)
  from space 512K, 37% used [0x00000000ec380000,0x00000000ec3b0000,0x00000000ec400000)
  to   space 512K, 0% used [0x00000000ec400000,0x00000000ec400000,0x00000000ec480000)
 ParOldGen       total 198656K, used 197277K [0x00000000c0000000, 0x00000000cc200000, 0x00000000eab00000)
  object space 198656K, 99% used [0x00000000c0000000,0x00000000cc0a7448,0x00000000cc200000)
 Metaspace       used 63063K, committed 64640K, reserved 1114112K
  class space    used 6505K, committed 7232K, reserved 1048576K
GC Heap History (20 events):
Event: 27.155 GC heap before
{Heap before GC invocations=59 (full 3):
 PSYoungGen      total 19968K, used 288K [0x00000000eab00000, 0x00000000ec000000, 0x0000000100000000)
  eden space 19456K, 0% used [0x00000000eab00000,0x00000000eab00000,0x00000000ebe00000)
  from space 512K, 56% used [0x00000000ebf80000,0x00000000ebfc8000,0x00000000ec000000)
  to   space 512K, 0% used [0x00000000ebe00000,0x00000000ebe00000,0x00000000ebe80000)
 ParOldGen       total 68608K, used 65477K [0x00000000c0000000, 0x00000000c4300000, 0x00000000eab00000)
  object space 68608K, 95% used [0x00000000c0000000,0x00000000c3ff1590,0x00000000c4300000)
 Metaspace       used 58365K, committed 59776K, reserved 1114112K
  class space    used 6057K, committed 6720K, reserved 1048576K
}
Event: 27.305 GC heap after
{Heap after GC invocations=59 (full 3):
 PSYoungGen      total 19968K, used 0K [0x00000000eab00000, 0x00000000ec000000, 0x0000000100000000)
  eden space 19456K, 0% used [0x00000000eab00000,0x00000000eab00000,0x00000000ebe00000)
  from space 512K, 0% used [0x00000000ebf80000,0x00000000ebf80000,0x00000000ec000000)
  to   space 512K, 0% used [0x00000000ebe00000,0x00000000ebe00000,0x00000000ebe80000)
 ParOldGen       total 68608K, used 49394K [0x00000000c0000000, 0x00000000c4300000, 0x00000000eab00000)
  object space 68608K, 71% used [0x00000000c0000000,0x00000000c303cb88,0x00000000c4300000)
 Metaspace       used 58363K, committed 59776K, reserved 1114112K
  class space    used 6057K, committed 6720K, reserved 1048576K
}
Event: 28.568 GC heap before
{Heap before GC invocations=60 (full 3):
 PSYoungGen      total 19968K, used 19456K [0x00000000eab00000, 0x00000000ec000000, 0x0000000100000000)
  eden space 19456K, 100% used [0x00000000eab00000,0x00000000ebe00000,0x00000000ebe00000)
  from space 512K, 0% used [0x00000000ebf80000,0x00000000ebf80000,0x00000000ec000000)
  to   space 512K, 0% used [0x00000000ebe00000,0x00000000ebe00000,0x00000000ebe80000)
 ParOldGen       total 68608K, used 49394K [0x00000000c0000000, 0x00000000c4300000, 0x00000000eab00000)
  object space 68608K, 71% used [0x00000000c0000000,0x00000000c303cb88,0x00000000c4300000)
 Metaspace       used 59150K, committed 60672K, reserved 1114112K
  class space    used 6138K, committed 6848K, reserved 1048576K
}
Event: 28.570 GC heap after
{Heap after GC invocations=60 (full 3):
 PSYoungGen      total 19968K, used 512K [0x00000000eab00000, 0x00000000ec000000, 0x0000000100000000)
  eden space 19456K, 0% used [0x00000000eab00000,0x00000000eab00000,0x00000000ebe00000)
  from space 512K, 100% used [0x00000000ebe00000,0x00000000ebe80000,0x00000000ebe80000)
  to   space 1024K, 0% used [0x00000000ebf00000,0x00000000ebf00000,0x00000000ec000000)
 ParOldGen       total 68608K, used 49402K [0x00000000c0000000, 0x00000000c4300000, 0x00000000eab00000)
  object space 68608K, 72% used [0x00000000c0000000,0x00000000c303eb88,0x00000000c4300000)
 Metaspace       used 59150K, committed 60672K, reserved 1114112K
  class space    used 6138K, committed 6848K, reserved 1048576K
}
Event: 30.417 GC heap before
{Heap before GC invocations=61 (full 3):
 PSYoungGen      total 19968K, used 19968K [0x00000000eab00000, 0x00000000ec000000, 0x0000000100000000)
  eden space 19456K, 100% used [0x00000000eab00000,0x00000000ebe00000,0x00000000ebe00000)
  from space 512K, 100% used [0x00000000ebe00000,0x00000000ebe80000,0x00000000ebe80000)
  to   space 1024K, 0% used [0x00000000ebf00000,0x00000000ebf00000,0x00000000ec000000)
 ParOldGen       total 68608K, used 49402K [0x00000000c0000000, 0x00000000c4300000, 0x00000000eab00000)
  object space 68608K, 72% used [0x00000000c0000000,0x00000000c303eb88,0x00000000c4300000)
 Metaspace       used 59569K, committed 61056K, reserved 1114112K
  class space    used 6166K, committed 6848K, reserved 1048576K
}
Event: 30.421 GC heap after
{Heap after GC invocations=61 (full 3):
 PSYoungGen      total 19456K, used 1006K [0x00000000eab00000, 0x00000000ec200000, 0x0000000100000000)
  eden space 18432K, 0% used [0x00000000eab00000,0x00000000eab00000,0x00000000ebd00000)
  from space 1024K, 98% used [0x00000000ebf00000,0x00000000ebffb990,0x00000000ec000000)
  to   space 2048K, 0% used [0x00000000ebd00000,0x00000000ebd00000,0x00000000ebf00000)
 ParOldGen       total 68608K, used 49818K [0x00000000c0000000, 0x00000000c4300000, 0x00000000eab00000)
  object space 68608K, 72% used [0x00000000c0000000,0x00000000c30a6948,0x00000000c4300000)
 Metaspace       used 59569K, committed 61056K, reserved 1114112K
  class space    used 6166K, committed 6848K, reserved 1048576K
}
Event: 89.682 GC heap before
{Heap before GC invocations=62 (full 3):
 PSYoungGen      total 19456K, used 19438K [0x00000000eab00000, 0x00000000ec200000, 0x0000000100000000)
  eden space 18432K, 100% used [0x00000000eab00000,0x00000000ebd00000,0x00000000ebd00000)
  from space 1024K, 98% used [0x00000000ebf00000,0x00000000ebffb990,0x00000000ec000000)
  to   space 2048K, 0% used [0x00000000ebd00000,0x00000000ebd00000,0x00000000ebf00000)
 ParOldGen       total 68608K, used 49818K [0x00000000c0000000, 0x00000000c4300000, 0x00000000eab00000)
  object space 68608K, 72% used [0x00000000c0000000,0x00000000c30a6948,0x00000000c4300000)
 Metaspace       used 60577K, committed 62080K, reserved 1114112K
  class space    used 6256K, committed 6976K, reserved 1048576K
}
Event: 89.687 GC heap after
{Heap after GC invocations=62 (full 3):
 PSYoungGen      total 20480K, used 2023K [0x00000000eab00000, 0x00000000ecd00000, 0x0000000100000000)
  eden space 18432K, 0% used [0x00000000eab00000,0x00000000eab00000,0x00000000ebd00000)
  from space 2048K, 98% used [0x00000000ebd00000,0x00000000ebef9d38,0x00000000ebf00000)
  to   space 8192K, 0% used [0x00000000ec500000,0x00000000ec500000,0x00000000ecd00000)
 ParOldGen       total 68608K, used 54577K [0x00000000c0000000, 0x00000000c4300000, 0x00000000eab00000)
  object space 68608K, 79% used [0x00000000c0000000,0x00000000c354c748,0x00000000c4300000)
 Metaspace       used 60577K, committed 62080K, reserved 1114112K
  class space    used 6256K, committed 6976K, reserved 1048576K
}
Event: 89.939 GC heap before
{Heap before GC invocations=63 (full 3):
 PSYoungGen      total 20480K, used 20455K [0x00000000eab00000, 0x00000000ecd00000, 0x0000000100000000)
  eden space 18432K, 100% used [0x00000000eab00000,0x00000000ebd00000,0x00000000ebd00000)
  from space 2048K, 98% used [0x00000000ebd00000,0x00000000ebef9d38,0x00000000ebf00000)
  to   space 8192K, 0% used [0x00000000ec500000,0x00000000ec500000,0x00000000ecd00000)
 ParOldGen       total 68608K, used 54577K [0x00000000c0000000, 0x00000000c4300000, 0x00000000eab00000)
  object space 68608K, 79% used [0x00000000c0000000,0x00000000c354c748,0x00000000c4300000)
 Metaspace       used 61856K, committed 63296K, reserved 1114112K
  class space    used 6403K, committed 7104K, reserved 1048576K
}
Event: 89.945 GC heap after
{Heap after GC invocations=63 (full 3):
 PSYoungGen      total 20480K, used 1728K [0x00000000eab00000, 0x00000000ec700000, 0x0000000100000000)
  eden space 18432K, 0% used [0x00000000eab00000,0x00000000eab00000,0x00000000ebd00000)
  from space 2048K, 84% used [0x00000000ec500000,0x00000000ec6b0030,0x00000000ec700000)
  to   space 3584K, 0% used [0x00000000ec000000,0x00000000ec000000,0x00000000ec380000)
 ParOldGen       total 68608K, used 56532K [0x00000000c0000000, 0x00000000c4300000, 0x00000000eab00000)
  object space 68608K, 82% used [0x00000000c0000000,0x00000000c37351a0,0x00000000c4300000)
 Metaspace       used 61856K, committed 63296K, reserved 1114112K
  class space    used 6403K, committed 7104K, reserved 1048576K
}
Event: 90.084 GC heap before
{Heap before GC invocations=64 (full 3):
 PSYoungGen      total 20480K, used 16423K [0x00000000eab00000, 0x00000000ec700000, 0x0000000100000000)
  eden space 18432K, 79% used [0x00000000eab00000,0x00000000eb959ea8,0x00000000ebd00000)
  from space 2048K, 84% used [0x00000000ec500000,0x00000000ec6b0030,0x00000000ec700000)
  to   space 3584K, 0% used [0x00000000ec000000,0x00000000ec000000,0x00000000ec380000)
 ParOldGen       total 68608K, used 56532K [0x00000000c0000000, 0x00000000c4300000, 0x00000000eab00000)
  object space 68608K, 82% used [0x00000000c0000000,0x00000000c37351a0,0x00000000c4300000)
 Metaspace       used 62502K, committed 64064K, reserved 1114112K
  class space    used 6473K, committed 7168K, reserved 1048576K
}
Event: 90.087 GC heap after
{Heap after GC invocations=64 (full 3):
 PSYoungGen      total 22016K, used 858K [0x00000000eab00000, 0x00000000ec580000, 0x0000000100000000)
  eden space 18432K, 0% used [0x00000000eab00000,0x00000000eab00000,0x00000000ebd00000)
  from space 3584K, 23% used [0x00000000ec000000,0x00000000ec0d68c8,0x00000000ec380000)
  to   space 1536K, 0% used [0x00000000ec400000,0x00000000ec400000,0x00000000ec580000)
 ParOldGen       total 68608K, used 58120K [0x00000000c0000000, 0x00000000c4300000, 0x00000000eab00000)
  object space 68608K, 84% used [0x00000000c0000000,0x00000000c38c21f0,0x00000000c4300000)
 Metaspace       used 62502K, committed 64064K, reserved 1114112K
  class space    used 6473K, committed 7168K, reserved 1048576K
}
Event: 90.116 GC heap before
{Heap before GC invocations=65 (full 3):
 PSYoungGen      total 22016K, used 16800K [0x00000000eab00000, 0x00000000ec580000, 0x0000000100000000)
  eden space 18432K, 86% used [0x00000000eab00000,0x00000000eba918a8,0x00000000ebd00000)
  from space 3584K, 23% used [0x00000000ec000000,0x00000000ec0d68c8,0x00000000ec380000)
  to   space 1536K, 0% used [0x00000000ec400000,0x00000000ec400000,0x00000000ec580000)
 ParOldGen       total 115712K, used 104200K [0x00000000c0000000, 0x00000000c7100000, 0x00000000eab00000)
  object space 115712K, 90% used [0x00000000c0000000,0x00000000c65c2230,0x00000000c7100000)
 Metaspace       used 62527K, committed 64064K, reserved 1114112K
  class space    used 6474K, committed 7168K, reserved 1048576K
}
Event: 90.117 GC heap after
{Heap after GC invocations=65 (full 3):
 PSYoungGen      total 18944K, used 144K [0x00000000eab00000, 0x00000000ec480000, 0x0000000100000000)
  eden space 18432K, 0% used [0x00000000eab00000,0x00000000eab00000,0x00000000ebd00000)
  from space 512K, 28% used [0x00000000ec400000,0x00000000ec424010,0x00000000ec480000)
  to   space 512K, 0% used [0x00000000ec380000,0x00000000ec380000,0x00000000ec400000)
 ParOldGen       total 115712K, used 104948K [0x00000000c0000000, 0x00000000c7100000, 0x00000000eab00000)
  object space 115712K, 90% used [0x00000000c0000000,0x00000000c667d3c8,0x00000000c7100000)
 Metaspace       used 62527K, committed 64064K, reserved 1114112K
  class space    used 6474K, committed 7168K, reserved 1048576K
}
Event: 90.236 GC heap before
{Heap before GC invocations=66 (full 3):
 PSYoungGen      total 18944K, used 18576K [0x00000000eab00000, 0x00000000ec480000, 0x0000000100000000)
  eden space 18432K, 100% used [0x00000000eab00000,0x00000000ebd00000,0x00000000ebd00000)
  from space 512K, 28% used [0x00000000ec400000,0x00000000ec424010,0x00000000ec480000)
  to   space 512K, 0% used [0x00000000ec380000,0x00000000ec380000,0x00000000ec400000)
 ParOldGen       total 151040K, used 151029K [0x00000000c0000000, 0x00000000c9380000, 0x00000000eab00000)
  object space 151040K, 99% used [0x00000000c0000000,0x00000000c937d408,0x00000000c9380000)
 Metaspace       used 62581K, committed 64128K, reserved 1114112K
  class space    used 6476K, committed 7168K, reserved 1048576K
}
Event: 90.237 GC heap after
{Heap after GC invocations=66 (full 3):
 PSYoungGen      total 18944K, used 192K [0x00000000eab00000, 0x00000000ec480000, 0x0000000100000000)
  eden space 18432K, 0% used [0x00000000eab00000,0x00000000eab00000,0x00000000ebd00000)
  from space 512K, 37% used [0x00000000ec380000,0x00000000ec3b0000,0x00000000ec400000)
  to   space 512K, 0% used [0x00000000ec400000,0x00000000ec400000,0x00000000ec480000)
 ParOldGen       total 151552K, used 151069K [0x00000000c0000000, 0x00000000c9400000, 0x00000000eab00000)
  object space 151552K, 99% used [0x00000000c0000000,0x00000000c9387408,0x00000000c9400000)
 Metaspace       used 62581K, committed 64128K, reserved 1114112K
  class space    used 6476K, committed 7168K, reserved 1048576K
}
Event: 389.503 GC heap before
{Heap before GC invocations=67 (full 3):
 PSYoungGen      total 18944K, used 18624K [0x00000000eab00000, 0x00000000ec480000, 0x0000000100000000)
  eden space 18432K, 100% used [0x00000000eab00000,0x00000000ebd00000,0x00000000ebd00000)
  from space 512K, 37% used [0x00000000ec380000,0x00000000ec3b0000,0x00000000ec400000)
  to   space 512K, 0% used [0x00000000ec400000,0x00000000ec400000,0x00000000ec480000)
 ParOldGen       total 175104K, used 174109K [0x00000000c0000000, 0x00000000cab00000, 0x00000000eab00000)
  object space 175104K, 99% used [0x00000000c0000000,0x00000000caa07428,0x00000000cab00000)
 Metaspace       used 62897K, committed 64448K, reserved 1114112K
  class space    used 6497K, committed 7168K, reserved 1048576K
}
Event: 389.505 GC heap after
{Heap after GC invocations=67 (full 3):
 PSYoungGen      total 18944K, used 320K [0x00000000eab00000, 0x00000000ec480000, 0x0000000100000000)
  eden space 18432K, 0% used [0x00000000eab00000,0x00000000eab00000,0x00000000ebd00000)
  from space 512K, 62% used [0x00000000ec400000,0x00000000ec450000,0x00000000ec480000)
  to   space 512K, 0% used [0x00000000ec380000,0x00000000ec380000,0x00000000ec400000)
 ParOldGen       total 175104K, used 174157K [0x00000000c0000000, 0x00000000cab00000, 0x00000000eab00000)
  object space 175104K, 99% used [0x00000000c0000000,0x00000000caa13428,0x00000000cab00000)
 Metaspace       used 62897K, committed 64448K, reserved 1114112K
  class space    used 6497K, committed 7168K, reserved 1048576K
}
Event: 501.091 GC heap before
{Heap before GC invocations=68 (full 3):
 PSYoungGen      total 18944K, used 18752K [0x00000000eab00000, 0x00000000ec480000, 0x0000000100000000)
  eden space 18432K, 100% used [0x00000000eab00000,0x00000000ebd00000,0x00000000ebd00000)
  from space 512K, 62% used [0x00000000ec400000,0x00000000ec450000,0x00000000ec480000)
  to   space 512K, 0% used [0x00000000ec380000,0x00000000ec380000,0x00000000ec400000)
 ParOldGen       total 198656K, used 197197K [0x00000000c0000000, 0x00000000cc200000, 0x00000000eab00000)
  object space 198656K, 99% used [0x00000000c0000000,0x00000000cc093448,0x00000000cc200000)
 Metaspace       used 63054K, committed 64640K, reserved 1114112K
  class space    used 6505K, committed 7232K, reserved 1048576K
}
Event: 501.093 GC heap after
{Heap after GC invocations=68 (full 3):
 PSYoungGen      total 18944K, used 192K [0x00000000eab00000, 0x00000000ec480000, 0x0000000100000000)
  eden space 18432K, 0% used [0x00000000eab00000,0x00000000eab00000,0x00000000ebd00000)
  from space 512K, 37% used [0x00000000ec380000,0x00000000ec3b0000,0x00000000ec400000)
  to   space 512K, 0% used [0x00000000ec400000,0x00000000ec400000,0x00000000ec480000)
 ParOldGen       total 198656K, used 197277K [0x00000000c0000000, 0x00000000cc200000, 0x00000000eab00000)
  object space 198656K, 99% used [0x00000000c0000000,0x00000000cc0a7448,0x00000000cc200000)
 Metaspace       used 63054K, committed 64640K, reserved 1114112K
  class space    used 6505K, committed 7232K, reserved 1048576K
}

