# JRE version: OpenJDK Runtime Environment Temurin-21.0.7+6 (21.0.7+6) (build 21.0.7+6-LTS)
# Java VM: OpenJDK 64-Bit Server VM Temurin-21.0.7+6 (21.0.7+6-LTS, mixed mode, sharing, tiered, compressed oops, compressed class ptrs, parallel gc, windows-amd64)
GC Precious Log:
 CardTable entry size: 512
 CPUs: 6 total, 6 available
 Memory: 15833M
 Large Page Support: Disabled
 NUMA Support: Disabled
 Compressed Oops: Enabled (32-bit)
 Alignments: Space 512K, Generation 512K, Heap 2M
 Heap Min Capacity: 100M
 Heap Initial Capacity: 100M
 Heap Max Capacity: 1G
 Pre-touch: Disabled
 Parallel Workers: 6
Heap:
 PSYoungGen      total 10240K, used 7591K [0x00000000eab00000, 0x00000000ebe00000, 0x0000000100000000)
  eden space 9728K, 77% used [0x00000000eab00000,0x00000000eb251ce0,0x00000000eb480000)
  from space 512K, 18% used [0x00000000ebd80000,0x00000000ebd98000,0x00000000ebe00000)
  to   space 512K, 0% used [0x00000000ebd00000,0x00000000ebd00000,0x00000000ebd80000)
 ParOldGen       total 68608K, used 35199K [0x00000000c0000000, 0x00000000c4300000, 0x00000000eab00000)
  object space 68608K, 51% used [0x00000000c0000000,0x00000000c225fe38,0x00000000c4300000)
 Metaspace       used 46710K, committed 47936K, reserved 1114112K
  class space    used 4961K, committed 5504K, reserved 1048576K
GC Heap History (20 events):
Event: 6.809 GC heap before
{Heap before GC invocations=15 (full 2):
 PSYoungGen      total 23552K, used 1199K [0x00000000eab00000, 0x00000000ec500000, 0x0000000100000000)
  eden space 22016K, 0% used [0x00000000eab00000,0x00000000eab00000,0x00000000ec080000)
  from space 1536K, 78% used [0x00000000ec280000,0x00000000ec3abeb0,0x00000000ec400000)
  to   space 1024K, 0% used [0x00000000ec400000,0x00000000ec400000,0x00000000ec500000)
 ParOldGen       total 68608K, used 18217K [0x00000000c0000000, 0x00000000c4300000, 0x00000000eab00000)
  object space 68608K, 26% used [0x00000000c0000000,0x00000000c11ca430,0x00000000c4300000)
 Metaspace       used 34814K, committed 35840K, reserved 1114112K
  class space    used 3537K, committed 4032K, reserved 1048576K
}
Event: 6.854 GC heap after
{Heap after GC invocations=15 (full 2):
 PSYoungGen      total 23552K, used 0K [0x00000000eab00000, 0x00000000ec500000, 0x0000000100000000)
  eden space 22016K, 0% used [0x00000000eab00000,0x00000000eab00000,0x00000000ec080000)
  from space 1536K, 0% used [0x00000000ec280000,0x00000000ec280000,0x00000000ec400000)
  to   space 1024K, 0% used [0x00000000ec400000,0x00000000ec400000,0x00000000ec500000)
 ParOldGen       total 68608K, used 18720K [0x00000000c0000000, 0x00000000c4300000, 0x00000000eab00000)
  object space 68608K, 27% used [0x00000000c0000000,0x00000000c1248030,0x00000000c4300000)
 Metaspace       used 34814K, committed 35840K, reserved 1114112K
  class space    used 3537K, committed 4032K, reserved 1048576K
}
Event: 7.100 GC heap before
{Heap before GC invocations=16 (full 2):
 PSYoungGen      total 23552K, used 22016K [0x00000000eab00000, 0x00000000ec500000, 0x0000000100000000)
  eden space 22016K, 100% used [0x00000000eab00000,0x00000000ec080000,0x00000000ec080000)
  from space 1536K, 0% used [0x00000000ec280000,0x00000000ec280000,0x00000000ec400000)
  to   space 1024K, 0% used [0x00000000ec400000,0x00000000ec400000,0x00000000ec500000)
 ParOldGen       total 68608K, used 18720K [0x00000000c0000000, 0x00000000c4300000, 0x00000000eab00000)
  object space 68608K, 27% used [0x00000000c0000000,0x00000000c1248030,0x00000000c4300000)
 Metaspace       used 37395K, committed 38592K, reserved 1114112K
  class space    used 3838K, committed 4352K, reserved 1048576K
}
Event: 7.103 GC heap after
{Heap after GC invocations=16 (full 2):
 PSYoungGen      total 23040K, used 1001K [0x00000000eab00000, 0x00000000ec580000, 0x0000000100000000)
  eden space 22016K, 0% used [0x00000000eab00000,0x00000000eab00000,0x00000000ec080000)
  from space 1024K, 97% used [0x00000000ec400000,0x00000000ec4fa790,0x00000000ec500000)
  to   space 2560K, 0% used [0x00000000ec080000,0x00000000ec080000,0x00000000ec300000)
 ParOldGen       total 68608K, used 19660K [0x00000000c0000000, 0x00000000c4300000, 0x00000000eab00000)
  object space 68608K, 28% used [0x00000000c0000000,0x00000000c1333388,0x00000000c4300000)
 Metaspace       used 37395K, committed 38592K, reserved 1114112K
  class space    used 3838K, committed 4352K, reserved 1048576K
}
Event: 7.331 GC heap before
{Heap before GC invocations=17 (full 2):
 PSYoungGen      total 23040K, used 23017K [0x00000000eab00000, 0x00000000ec580000, 0x0000000100000000)
  eden space 22016K, 100% used [0x00000000eab00000,0x00000000ec080000,0x00000000ec080000)
  from space 1024K, 97% used [0x00000000ec400000,0x00000000ec4fa790,0x00000000ec500000)
  to   space 2560K, 0% used [0x00000000ec080000,0x00000000ec080000,0x00000000ec300000)
 ParOldGen       total 68608K, used 19660K [0x00000000c0000000, 0x00000000c4300000, 0x00000000eab00000)
  object space 68608K, 28% used [0x00000000c0000000,0x00000000c1333388,0x00000000c4300000)
 Metaspace       used 39698K, committed 40896K, reserved 1114112K
  class space    used 4146K, committed 4672K, reserved 1048576K
}
Event: 7.335 GC heap after
{Heap after GC invocations=17 (full 2):
 PSYoungGen      total 24576K, used 1056K [0x00000000eab00000, 0x00000000ec480000, 0x0000000100000000)
  eden space 22016K, 0% used [0x00000000eab00000,0x00000000eab00000,0x00000000ec080000)
  from space 2560K, 41% used [0x00000000ec080000,0x00000000ec188000,0x00000000ec300000)
  to   space 1536K, 0% used [0x00000000ec300000,0x00000000ec300000,0x00000000ec480000)
 ParOldGen       total 68608K, used 20598K [0x00000000c0000000, 0x00000000c4300000, 0x00000000eab00000)
  object space 68608K, 30% used [0x00000000c0000000,0x00000000c141da38,0x00000000c4300000)
 Metaspace       used 39698K, committed 40896K, reserved 1114112K
  class space    used 4146K, committed 4672K, reserved 1048576K
}
Event: 7.596 GC heap before
{Heap before GC invocations=18 (full 2):
 PSYoungGen      total 24576K, used 23072K [0x00000000eab00000, 0x00000000ec480000, 0x0000000100000000)
  eden space 22016K, 100% used [0x00000000eab00000,0x00000000ec080000,0x00000000ec080000)
  from space 2560K, 41% used [0x00000000ec080000,0x00000000ec188000,0x00000000ec300000)
  to   space 1536K, 0% used [0x00000000ec300000,0x00000000ec300000,0x00000000ec480000)
 ParOldGen       total 68608K, used 20598K [0x00000000c0000000, 0x00000000c4300000, 0x00000000eab00000)
  object space 68608K, 30% used [0x00000000c0000000,0x00000000c141da38,0x00000000c4300000)
 Metaspace       used 41932K, committed 43136K, reserved 1114112K
  class space    used 4382K, committed 4864K, reserved 1048576K
}
Event: 7.601 GC heap after
{Heap after GC invocations=18 (full 2):
 PSYoungGen      total 23040K, used 1520K [0x00000000eab00000, 0x00000000ec680000, 0x0000000100000000)
  eden space 21504K, 0% used [0x00000000eab00000,0x00000000eab00000,0x00000000ec000000)
  from space 1536K, 98% used [0x00000000ec300000,0x00000000ec47c010,0x00000000ec480000)
  to   space 3072K, 0% used [0x00000000ec000000,0x00000000ec000000,0x00000000ec300000)
 ParOldGen       total 68608K, used 21818K [0x00000000c0000000, 0x00000000c4300000, 0x00000000eab00000)
  object space 68608K, 31% used [0x00000000c0000000,0x00000000c154eb58,0x00000000c4300000)
 Metaspace       used 41932K, committed 43136K, reserved 1114112K
  class space    used 4382K, committed 4864K, reserved 1048576K
}
Event: 8.134 GC heap before
{Heap before GC invocations=19 (full 2):
 PSYoungGen      total 23040K, used 23024K [0x00000000eab00000, 0x00000000ec680000, 0x0000000100000000)
  eden space 21504K, 100% used [0x00000000eab00000,0x00000000ec000000,0x00000000ec000000)
  from space 1536K, 98% used [0x00000000ec300000,0x00000000ec47c010,0x00000000ec480000)
  to   space 3072K, 0% used [0x00000000ec000000,0x00000000ec000000,0x00000000ec300000)
 ParOldGen       total 68608K, used 21818K [0x00000000c0000000, 0x00000000c4300000, 0x00000000eab00000)
  object space 68608K, 31% used [0x00000000c0000000,0x00000000c154eb58,0x00000000c4300000)
 Metaspace       used 44091K, committed 45248K, reserved 1114112K
  class space    used 4681K, committed 5184K, reserved 1048576K
}
Event: 8.139 GC heap after
{Heap after GC invocations=19 (full 2):
 PSYoungGen      total 23040K, used 1536K [0x00000000eab00000, 0x00000000ec400000, 0x0000000100000000)
  eden space 21504K, 0% used [0x00000000eab00000,0x00000000eab00000,0x00000000ec000000)
  from space 1536K, 100% used [0x00000000ec000000,0x00000000ec180000,0x00000000ec180000)
  to   space 2048K, 0% used [0x00000000ec200000,0x00000000ec200000,0x00000000ec400000)
 ParOldGen       total 68608K, used 22794K [0x00000000c0000000, 0x00000000c4300000, 0x00000000eab00000)
  object space 68608K, 33% used [0x00000000c0000000,0x00000000c1642b68,0x00000000c4300000)
 Metaspace       used 44091K, committed 45248K, reserved 1114112K
  class space    used 4681K, committed 5184K, reserved 1048576K
}
Event: 9.030 GC heap before
{Heap before GC invocations=20 (full 2):
 PSYoungGen      total 23040K, used 23040K [0x00000000eab00000, 0x00000000ec400000, 0x0000000100000000)
  eden space 21504K, 100% used [0x00000000eab00000,0x00000000ec000000,0x00000000ec000000)
  from space 1536K, 100% used [0x00000000ec000000,0x00000000ec180000,0x00000000ec180000)
  to   space 2048K, 0% used [0x00000000ec200000,0x00000000ec200000,0x00000000ec400000)
 ParOldGen       total 68608K, used 22794K [0x00000000c0000000, 0x00000000c4300000, 0x00000000eab00000)
  object space 68608K, 33% used [0x00000000c0000000,0x00000000c1642b68,0x00000000c4300000)
 Metaspace       used 45566K, committed 46784K, reserved 1114112K
  class space    used 4841K, committed 5376K, reserved 1048576K
}
Event: 9.042 GC heap after
{Heap after GC invocations=20 (full 2):
 PSYoungGen      total 11776K, used 2026K [0x00000000eab00000, 0x00000000edb00000, 0x0000000100000000)
  eden space 9728K, 0% used [0x00000000eab00000,0x00000000eab00000,0x00000000eb480000)
  from space 2048K, 98% used [0x00000000ec200000,0x00000000ec3fa860,0x00000000ec400000)
  to   space 13824K, 0% used [0x00000000eb480000,0x00000000eb480000,0x00000000ec200000)
 ParOldGen       total 68608K, used 32744K [0x00000000c0000000, 0x00000000c4300000, 0x00000000eab00000)
  object space 68608K, 47% used [0x00000000c0000000,0x00000000c1ffa340,0x00000000c4300000)
 Metaspace       used 45566K, committed 46784K, reserved 1114112K
  class space    used 4841K, committed 5376K, reserved 1048576K
}
Event: 9.977 GC heap before
{Heap before GC invocations=21 (full 2):
 PSYoungGen      total 11776K, used 11754K [0x00000000eab00000, 0x00000000edb00000, 0x0000000100000000)
  eden space 9728K, 99% used [0x00000000eab00000,0x00000000eb47ffe8,0x00000000eb480000)
  from space 2048K, 98% used [0x00000000ec200000,0x00000000ec3fa860,0x00000000ec400000)
  to   space 13824K, 0% used [0x00000000eb480000,0x00000000eb480000,0x00000000ec200000)
 ParOldGen       total 68608K, used 32744K [0x00000000c0000000, 0x00000000c4300000, 0x00000000eab00000)
  object space 68608K, 47% used [0x00000000c0000000,0x00000000c1ffa340,0x00000000c4300000)
 Metaspace       used 46488K, committed 47744K, reserved 1114112K
  class space    used 4942K, committed 5504K, reserved 1048576K
}
Event: 9.987 GC heap after
{Heap after GC invocations=21 (full 2):
 PSYoungGen      total 10240K, used 480K [0x00000000eab00000, 0x00000000ec280000, 0x0000000100000000)
  eden space 9728K, 0% used [0x00000000eab00000,0x00000000eab00000,0x00000000eb480000)
  from space 512K, 93% used [0x00000000eb480000,0x00000000eb4f8000,0x00000000eb500000)
  to   space 5120K, 0% used [0x00000000ebd80000,0x00000000ebd80000,0x00000000ec280000)
 ParOldGen       total 68608K, used 34767K [0x00000000c0000000, 0x00000000c4300000, 0x00000000eab00000)
  object space 68608K, 50% used [0x00000000c0000000,0x00000000c21f3e28,0x00000000c4300000)
 Metaspace       used 46488K, committed 47744K, reserved 1114112K
  class space    used 4942K, committed 5504K, reserved 1048576K
}
Event: 10.818 GC heap before
{Heap before GC invocations=22 (full 2):
 PSYoungGen      total 10240K, used 10208K [0x00000000eab00000, 0x00000000ec280000, 0x0000000100000000)
  eden space 9728K, 100% used [0x00000000eab00000,0x00000000eb480000,0x00000000eb480000)
  from space 512K, 93% used [0x00000000eb480000,0x00000000eb4f8000,0x00000000eb500000)
  to   space 5120K, 0% used [0x00000000ebd80000,0x00000000ebd80000,0x00000000ec280000)
 ParOldGen       total 68608K, used 34767K [0x00000000c0000000, 0x00000000c4300000, 0x00000000eab00000)
  object space 68608K, 50% used [0x00000000c0000000,0x00000000c21f3e28,0x00000000c4300000)
 Metaspace       used 46502K, committed 47744K, reserved 1114112K
  class space    used 4942K, committed 5504K, reserved 1048576K
}
Event: 10.823 GC heap after
{Heap after GC invocations=22 (full 2):
 PSYoungGen      total 10240K, used 64K [0x00000000eab00000, 0x00000000ebe00000, 0x0000000100000000)
  eden space 9728K, 0% used [0x00000000eab00000,0x00000000eab00000,0x00000000eb480000)
  from space 512K, 12% used [0x00000000ebd80000,0x00000000ebd90000,0x00000000ebe00000)
  to   space 1024K, 0% used [0x00000000ebc00000,0x00000000ebc00000,0x00000000ebd00000)
 ParOldGen       total 68608K, used 35143K [0x00000000c0000000, 0x00000000c4300000, 0x00000000eab00000)
  object space 68608K, 51% used [0x00000000c0000000,0x00000000c2251e38,0x00000000c4300000)
 Metaspace       used 46502K, committed 47744K, reserved 1114112K
  class space    used 4942K, committed 5504K, reserved 1048576K
}
Event: 11.445 GC heap before
{Heap before GC invocations=23 (full 2):
 PSYoungGen      total 10240K, used 9792K [0x00000000eab00000, 0x00000000ebe00000, 0x0000000100000000)
  eden space 9728K, 100% used [0x00000000eab00000,0x00000000eb480000,0x00000000eb480000)
  from space 512K, 12% used [0x00000000ebd80000,0x00000000ebd90000,0x00000000ebe00000)
  to   space 1024K, 0% used [0x00000000ebc00000,0x00000000ebc00000,0x00000000ebd00000)
 ParOldGen       total 68608K, used 35143K [0x00000000c0000000, 0x00000000c4300000, 0x00000000eab00000)
  object space 68608K, 51% used [0x00000000c0000000,0x00000000c2251e38,0x00000000c4300000)
 Metaspace       used 46511K, committed 47744K, reserved 1114112K
  class space    used 4942K, committed 5504K, reserved 1048576K
}
Event: 11.446 GC heap after
{Heap after GC invocations=23 (full 2):
 PSYoungGen      total 10752K, used 128K [0x00000000eab00000, 0x00000000ebe00000, 0x0000000100000000)
  eden space 9728K, 0% used [0x00000000eab00000,0x00000000eab00000,0x00000000eb480000)
  from space 1024K, 12% used [0x00000000ebc00000,0x00000000ebc20000,0x00000000ebd00000)
  to   space 512K, 0% used [0x00000000ebd80000,0x00000000ebd80000,0x00000000ebe00000)
 ParOldGen       total 68608K, used 35167K [0x00000000c0000000, 0x00000000c4300000, 0x00000000eab00000)
  object space 68608K, 51% used [0x00000000c0000000,0x00000000c2257e38,0x00000000c4300000)
 Metaspace       used 46511K, committed 47744K, reserved 1114112K
  class space    used 4942K, committed 5504K, reserved 1048576K
}
Event: 12.270 GC heap before
{Heap before GC invocations=24 (full 2):
 PSYoungGen      total 10752K, used 9856K [0x00000000eab00000, 0x00000000ebe00000, 0x0000000100000000)
  eden space 9728K, 100% used [0x00000000eab00000,0x00000000eb480000,0x00000000eb480000)
  from space 1024K, 12% used [0x00000000ebc00000,0x00000000ebc20000,0x00000000ebd00000)
  to   space 512K, 0% used [0x00000000ebd80000,0x00000000ebd80000,0x00000000ebe00000)
 ParOldGen       total 68608K, used 35167K [0x00000000c0000000, 0x00000000c4300000, 0x00000000eab00000)
  object space 68608K, 51% used [0x00000000c0000000,0x00000000c2257e38,0x00000000c4300000)
 Metaspace       used 46511K, committed 47744K, reserved 1114112K
  class space    used 4942K, committed 5504K, reserved 1048576K
}
Event: 12.271 GC heap after
{Heap after GC invocations=24 (full 2):
 PSYoungGen      total 10240K, used 96K [0x00000000eab00000, 0x00000000ebe00000, 0x0000000100000000)
  eden space 9728K, 0% used [0x00000000eab00000,0x00000000eab00000,0x00000000eb480000)
  from space 512K, 18% used [0x00000000ebd80000,0x00000000ebd98000,0x00000000ebe00000)
  to   space 512K, 0% used [0x00000000ebd00000,0x00000000ebd00000,0x00000000ebd80000)
 ParOldGen       total 68608K, used 35199K [0x00000000c0000000, 0x00000000c4300000, 0x00000000eab00000)
  object space 68608K, 51% used [0x00000000c0000000,0x00000000c225fe38,0x00000000c4300000)
 Metaspace       used 46511K, committed 47744K, reserved 1114112K
  class space    used 4942K, committed 5504K, reserved 1048576K
}

